<?xml version="1.0" encoding="UTF-8"?>
<testng-results ignored="0" total="2" passed="2" failed="0" skipped="0">
  <reporter-output>
  </reporter-output>
  <suite started-at="2023-07-22T12:57:47 IST" name="Suite" finished-at="2023-07-22T12:57:49 IST" duration-ms="2714">
    <groups>
    </groups>
    <test started-at="2023-07-22T12:57:47 IST" name="OrangeHRMLogIn" finished-at="2023-07-22T12:57:49 IST" duration-ms="2714">
      <class name="testcases.LogInTests">
        <test-method is-config="true" signature="beforeSuite()[pri:0, instance:testcases.LogInTests@683dbc2c]" started-at="2023-07-22T12:56:51 IST" name="beforeSuite" finished-at="2023-07-22T12:57:47 IST" duration-ms="55450" status="PASS">
          <reporter-output>
          </reporter-output>
        </test-method> <!-- beforeSuite -->
        <test-method is-config="true" signature="createObject()[pri:0, instance:testcases.LogInTests@683dbc2c]" started-at="2023-07-22T12:57:47 IST" name="createObject" finished-at="2023-07-22T12:57:47 IST" duration-ms="53" status="PASS">
          <reporter-output>
          </reporter-output>
        </test-method> <!-- createObject -->
        <test-method signature="validateLogIn()[pri:1, instance:testcases.LogInTests@683dbc2c]" started-at="2023-07-22T12:57:47 IST" name="validateLogIn" finished-at="2023-07-22T12:57:49 IST" duration-ms="2577" status="PASS">
          <reporter-output>
          </reporter-output>
        </test-method> <!-- validateLogIn -->
        <test-method signature="validateTitle()[pri:2, instance:testcases.LogInTests@683dbc2c]" started-at="2023-07-22T12:57:49 IST" name="validateTitle" finished-at="2023-07-22T12:57:49 IST" duration-ms="17" status="PASS">
          <reporter-output>
          </reporter-output>
        </test-method> <!-- validateTitle -->
      </class> <!-- testcases.LogInTests -->
    </test> <!-- OrangeHRMLogIn -->
  </suite> <!-- Suite -->
</testng-results>
